# JRE version: OpenJDK Runtime Environment Temurin-21.0.8+9 (21.0.8+9) (build 21.0.8+9-LTS)
# Java VM: OpenJDK 64-Bit Server VM Temurin-21.0.8+9 (21.0.8+9-LTS, mixed mode, sharing, tiered, compressed oops, compressed class ptrs, parallel gc, windows-amd64)
GC Precious Log:
 CardTable entry size: 512
 CPUs: 8 total, 8 available
 Memory: 7975M
 Large Page Support: Disabled
 NUMA Support: Disabled
 Compressed Oops: Enabled (32-bit)
 Alignments: Space 512K, Generation 512K, Heap 2M
 Heap Min Capacity: 100M
 Heap Initial Capacity: 100M
 Heap Max Capacity: 2G
 Pre-touch: Disabled
 Parallel Workers: 8
Heap:
 PSYoungGen      total 8704K, used 7801K [0x00000000d5580000, 0x00000000d6180000, 0x0000000100000000)
  eden space 5120K, 91% used [0x00000000d5580000,0x00000000d5a0e458,0x00000000d5a80000)
  from space 3584K, 87% used [0x00000000d5b00000,0x00000000d5e10000,0x00000000d5e80000)
  to   space 3072K, 0% used [0x00000000d5e80000,0x00000000d5e80000,0x00000000d6180000)
 ParOldGen       total 1285632K, used 865554K [0x0000000080000000, 0x00000000ce780000, 0x00000000d5580000)
  object space 1285632K, 67% used [0x0000000080000000,0x00000000b4d44b80,0x00000000ce780000)
 Metaspace       used 82317K, committed 84096K, reserved 1179648K
  class space    used 7893K, committed 8768K, reserved 1048576K
GC Heap History (20 events):
Event: 23018.355 GC heap before
{Heap before GC invocations=5265 (full 8):
 PSYoungGen      total 3072K, used 2656K [0x00000000d5580000, 0x00000000d5b00000, 0x0000000100000000)
  eden space 1536K, 100% used [0x00000000d5580000,0x00000000d5700000,0x00000000d5700000)
  from space 1536K, 72% used [0x00000000d5880000,0x00000000d5998000,0x00000000d5a00000)
  to   space 1024K, 0% used [0x00000000d5a00000,0x00000000d5a00000,0x00000000d5b00000)
 ParOldGen       total 1285632K, used 844707K [0x0000000080000000, 0x00000000ce780000, 0x00000000d5580000)
  object space 1285632K, 65% used [0x0000000080000000,0x00000000b38e8c30,0x00000000ce780000)
 Metaspace       used 82307K, committed 84096K, reserved 1179648K
  class space    used 7893K, committed 8768K, reserved 1048576K
}
Event: 23018.361 GC heap after
{Heap after GC invocations=5265 (full 8):
 PSYoungGen      total 2560K, used 1024K [0x00000000d5580000, 0x00000000d5d80000, 0x0000000100000000)
  eden space 1536K, 0% used [0x00000000d5580000,0x00000000d5580000,0x00000000d5700000)
  from space 1024K, 100% used [0x00000000d5a00000,0x00000000d5b00000,0x00000000d5b00000)
  to   space 3072K, 0% used [0x00000000d5700000,0x00000000d5700000,0x00000000d5a00000)
 ParOldGen       total 1285632K, used 846059K [0x0000000080000000, 0x00000000ce780000, 0x00000000d5580000)
  object space 1285632K, 65% used [0x0000000080000000,0x00000000b3a3ac30,0x00000000ce780000)
 Metaspace       used 82307K, committed 84096K, reserved 1179648K
  class space    used 7893K, committed 8768K, reserved 1048576K
}
Event: 23018.372 GC heap before
{Heap before GC invocations=5266 (full 8):
 PSYoungGen      total 2560K, used 2393K [0x00000000d5580000, 0x00000000d5d80000, 0x0000000100000000)
  eden space 1536K, 89% used [0x00000000d5580000,0x00000000d56d67a8,0x00000000d5700000)
  from space 1024K, 100% used [0x00000000d5a00000,0x00000000d5b00000,0x00000000d5b00000)
  to   space 3072K, 0% used [0x00000000d5700000,0x00000000d5700000,0x00000000d5a00000)
 ParOldGen       total 1285632K, used 846059K [0x0000000080000000, 0x00000000ce780000, 0x00000000d5580000)
  object space 1285632K, 65% used [0x0000000080000000,0x00000000b3a3ac30,0x00000000ce780000)
 Metaspace       used 82307K, committed 84096K, reserved 1179648K
  class space    used 7893K, committed 8768K, reserved 1048576K
}
Event: 23018.377 GC heap after
{Heap after GC invocations=5266 (full 8):
 PSYoungGen      total 3072K, used 1472K [0x00000000d5580000, 0x00000000d5b80000, 0x0000000100000000)
  eden space 1536K, 0% used [0x00000000d5580000,0x00000000d5580000,0x00000000d5700000)
  from space 1536K, 95% used [0x00000000d5700000,0x00000000d5870000,0x00000000d5880000)
  to   space 2048K, 0% used [0x00000000d5980000,0x00000000d5980000,0x00000000d5b80000)
 ParOldGen       total 1285632K, used 846859K [0x0000000080000000, 0x00000000ce780000, 0x00000000d5580000)
  object space 1285632K, 65% used [0x0000000080000000,0x00000000b3b02c30,0x00000000ce780000)
 Metaspace       used 82307K, committed 84096K, reserved 1179648K
  class space    used 7893K, committed 8768K, reserved 1048576K
}
Event: 23018.423 GC heap before
{Heap before GC invocations=5267 (full 8):
 PSYoungGen      total 3072K, used 3008K [0x00000000d5580000, 0x00000000d5b80000, 0x0000000100000000)
  eden space 1536K, 100% used [0x00000000d5580000,0x00000000d5700000,0x00000000d5700000)
  from space 1536K, 95% used [0x00000000d5700000,0x00000000d5870000,0x00000000d5880000)
  to   space 2048K, 0% used [0x00000000d5980000,0x00000000d5980000,0x00000000d5b80000)
 ParOldGen       total 1285632K, used 848651K [0x0000000080000000, 0x00000000ce780000, 0x00000000d5580000)
  object space 1285632K, 66% used [0x0000000080000000,0x00000000b3cc2c30,0x00000000ce780000)
 Metaspace       used 82307K, committed 84096K, reserved 1179648K
  class space    used 7893K, committed 8768K, reserved 1048576K
}
Event: 23018.431 GC heap after
{Heap after GC invocations=5267 (full 8):
 PSYoungGen      total 3584K, used 1184K [0x00000000d5580000, 0x00000000d5b00000, 0x0000000100000000)
  eden space 2048K, 0% used [0x00000000d5580000,0x00000000d5580000,0x00000000d5780000)
  from space 1536K, 77% used [0x00000000d5980000,0x00000000d5aa8000,0x00000000d5b00000)
  to   space 1536K, 0% used [0x00000000d5800000,0x00000000d5800000,0x00000000d5980000)
 ParOldGen       total 1285632K, used 849147K [0x0000000080000000, 0x00000000ce780000, 0x00000000d5580000)
  object space 1285632K, 66% used [0x0000000080000000,0x00000000b3d3ec30,0x00000000ce780000)
 Metaspace       used 82307K, committed 84096K, reserved 1179648K
  class space    used 7893K, committed 8768K, reserved 1048576K
}
Event: 23018.567 GC heap before
{Heap before GC invocations=5268 (full 8):
 PSYoungGen      total 3584K, used 2873K [0x00000000d5580000, 0x00000000d5b00000, 0x0000000100000000)
  eden space 2048K, 82% used [0x00000000d5580000,0x00000000d57265c0,0x00000000d5780000)
  from space 1536K, 77% used [0x00000000d5980000,0x00000000d5aa8000,0x00000000d5b00000)
  to   space 1536K, 0% used [0x00000000d5800000,0x00000000d5800000,0x00000000d5980000)
 ParOldGen       total 1285632K, used 849147K [0x0000000080000000, 0x00000000ce780000, 0x00000000d5580000)
  object space 1285632K, 66% used [0x0000000080000000,0x00000000b3d3ec30,0x00000000ce780000)
 Metaspace       used 82307K, committed 84096K, reserved 1179648K
  class space    used 7893K, committed 8768K, reserved 1048576K
}
Event: 23018.580 GC heap after
{Heap after GC invocations=5268 (full 8):
 PSYoungGen      total 4096K, used 1536K [0x00000000d5580000, 0x00000000d5e00000, 0x0000000100000000)
  eden space 2560K, 0% used [0x00000000d5580000,0x00000000d5580000,0x00000000d5800000)
  from space 1536K, 100% used [0x00000000d5800000,0x00000000d5980000,0x00000000d5980000)
  to   space 3072K, 0% used [0x00000000d5b00000,0x00000000d5b00000,0x00000000d5e00000)
 ParOldGen       total 1285632K, used 850355K [0x0000000080000000, 0x00000000ce780000, 0x00000000d5580000)
  object space 1285632K, 66% used [0x0000000080000000,0x00000000b3e6cc30,0x00000000ce780000)
 Metaspace       used 82307K, committed 84096K, reserved 1179648K
  class space    used 7893K, committed 8768K, reserved 1048576K
}
Event: 23018.586 GC heap before
{Heap before GC invocations=5269 (full 8):
 PSYoungGen      total 4096K, used 4095K [0x00000000d5580000, 0x00000000d5e00000, 0x0000000100000000)
  eden space 2560K, 99% used [0x00000000d5580000,0x00000000d57fff40,0x00000000d5800000)
  from space 1536K, 100% used [0x00000000d5800000,0x00000000d5980000,0x00000000d5980000)
  to   space 3072K, 0% used [0x00000000d5b00000,0x00000000d5b00000,0x00000000d5e00000)
 ParOldGen       total 1285632K, used 850355K [0x0000000080000000, 0x00000000ce780000, 0x00000000d5580000)
  object space 1285632K, 66% used [0x0000000080000000,0x00000000b3e6cc30,0x00000000ce780000)
 Metaspace       used 82307K, committed 84096K, reserved 1179648K
  class space    used 7893K, committed 8768K, reserved 1048576K
}
Event: 23018.597 GC heap after
{Heap after GC invocations=5269 (full 8):
 PSYoungGen      total 5632K, used 2607K [0x00000000d5580000, 0x00000000d5e80000, 0x0000000100000000)
  eden space 2560K, 0% used [0x00000000d5580000,0x00000000d5580000,0x00000000d5800000)
  from space 3072K, 84% used [0x00000000d5b00000,0x00000000d5d8bf50,0x00000000d5e00000)
  to   space 3072K, 0% used [0x00000000d5800000,0x00000000d5800000,0x00000000d5b00000)
 ParOldGen       total 1285632K, used 851923K [0x0000000080000000, 0x00000000ce780000, 0x00000000d5580000)
  object space 1285632K, 66% used [0x0000000080000000,0x00000000b3ff4c30,0x00000000ce780000)
 Metaspace       used 82307K, committed 84096K, reserved 1179648K
  class space    used 7893K, committed 8768K, reserved 1048576K
}
Event: 23018.607 GC heap before
{Heap before GC invocations=5270 (full 8):
 PSYoungGen      total 5632K, used 5167K [0x00000000d5580000, 0x00000000d5e80000, 0x0000000100000000)
  eden space 2560K, 100% used [0x00000000d5580000,0x00000000d5800000,0x00000000d5800000)
  from space 3072K, 84% used [0x00000000d5b00000,0x00000000d5d8bf50,0x00000000d5e00000)
  to   space 3072K, 0% used [0x00000000d5800000,0x00000000d5800000,0x00000000d5b00000)
 ParOldGen       total 1285632K, used 851923K [0x0000000080000000, 0x00000000ce780000, 0x00000000d5580000)
  object space 1285632K, 66% used [0x0000000080000000,0x00000000b3ff4c30,0x00000000ce780000)
 Metaspace       used 82307K, committed 84096K, reserved 1179648K
  class space    used 7893K, committed 8768K, reserved 1048576K
}
Event: 23018.622 GC heap after
{Heap after GC invocations=5270 (full 8):
 PSYoungGen      total 5632K, used 2656K [0x00000000d5580000, 0x00000000d5e80000, 0x0000000100000000)
  eden space 2560K, 0% used [0x00000000d5580000,0x00000000d5580000,0x00000000d5800000)
  from space 3072K, 86% used [0x00000000d5800000,0x00000000d5a98000,0x00000000d5b00000)
  to   space 3072K, 0% used [0x00000000d5b80000,0x00000000d5b80000,0x00000000d5e80000)
 ParOldGen       total 1285632K, used 854530K [0x0000000080000000, 0x00000000ce780000, 0x00000000d5580000)
  object space 1285632K, 66% used [0x0000000080000000,0x00000000b4280b80,0x00000000ce780000)
 Metaspace       used 82307K, committed 84096K, reserved 1179648K
  class space    used 7893K, committed 8768K, reserved 1048576K
}
Event: 23018.634 GC heap before
{Heap before GC invocations=5271 (full 8):
 PSYoungGen      total 5632K, used 5216K [0x00000000d5580000, 0x00000000d5e80000, 0x0000000100000000)
  eden space 2560K, 100% used [0x00000000d5580000,0x00000000d5800000,0x00000000d5800000)
  from space 3072K, 86% used [0x00000000d5800000,0x00000000d5a98000,0x00000000d5b00000)
  to   space 3072K, 0% used [0x00000000d5b80000,0x00000000d5b80000,0x00000000d5e80000)
 ParOldGen       total 1285632K, used 854530K [0x0000000080000000, 0x00000000ce780000, 0x00000000d5580000)
  object space 1285632K, 66% used [0x0000000080000000,0x00000000b4280b80,0x00000000ce780000)
 Metaspace       used 82307K, committed 84096K, reserved 1179648K
  class space    used 7893K, committed 8768K, reserved 1048576K
}
Event: 23018.644 GC heap after
{Heap after GC invocations=5271 (full 8):
 PSYoungGen      total 6144K, used 2624K [0x00000000d5580000, 0x00000000d5e80000, 0x0000000100000000)
  eden space 3072K, 0% used [0x00000000d5580000,0x00000000d5580000,0x00000000d5880000)
  from space 3072K, 85% used [0x00000000d5b80000,0x00000000d5e10000,0x00000000d5e80000)
  to   space 3072K, 0% used [0x00000000d5880000,0x00000000d5880000,0x00000000d5b80000)
 ParOldGen       total 1285632K, used 857114K [0x0000000080000000, 0x00000000ce780000, 0x00000000d5580000)
  object space 1285632K, 66% used [0x0000000080000000,0x00000000b4506b80,0x00000000ce780000)
 Metaspace       used 82307K, committed 84096K, reserved 1179648K
  class space    used 7893K, committed 8768K, reserved 1048576K
}
Event: 23018.659 GC heap before
{Heap before GC invocations=5272 (full 8):
 PSYoungGen      total 6144K, used 5696K [0x00000000d5580000, 0x00000000d5e80000, 0x0000000100000000)
  eden space 3072K, 100% used [0x00000000d5580000,0x00000000d5880000,0x00000000d5880000)
  from space 3072K, 85% used [0x00000000d5b80000,0x00000000d5e10000,0x00000000d5e80000)
  to   space 3072K, 0% used [0x00000000d5880000,0x00000000d5880000,0x00000000d5b80000)
 ParOldGen       total 1285632K, used 857114K [0x0000000080000000, 0x00000000ce780000, 0x00000000d5580000)
  object space 1285632K, 66% used [0x0000000080000000,0x00000000b4506b80,0x00000000ce780000)
 Metaspace       used 82307K, committed 84096K, reserved 1179648K
  class space    used 7893K, committed 8768K, reserved 1048576K
}
Event: 23018.667 GC heap after
{Heap after GC invocations=5272 (full 8):
 PSYoungGen      total 6144K, used 3072K [0x00000000d5580000, 0x00000000d6680000, 0x0000000100000000)
  eden space 3072K, 0% used [0x00000000d5580000,0x00000000d5580000,0x00000000d5880000)
  from space 3072K, 100% used [0x00000000d5880000,0x00000000d5b80000,0x00000000d5b80000)
  to   space 6656K, 0% used [0x00000000d6000000,0x00000000d6000000,0x00000000d6680000)
 ParOldGen       total 1285632K, used 859730K [0x0000000080000000, 0x00000000ce780000, 0x00000000d5580000)
  object space 1285632K, 66% used [0x0000000080000000,0x00000000b4794b80,0x00000000ce780000)
 Metaspace       used 82307K, committed 84096K, reserved 1179648K
  class space    used 7893K, committed 8768K, reserved 1048576K
}
Event: 23018.682 GC heap before
{Heap before GC invocations=5273 (full 8):
 PSYoungGen      total 6144K, used 6077K [0x00000000d5580000, 0x00000000d6680000, 0x0000000100000000)
  eden space 3072K, 97% used [0x00000000d5580000,0x00000000d586f408,0x00000000d5880000)
  from space 3072K, 100% used [0x00000000d5880000,0x00000000d5b80000,0x00000000d5b80000)
  to   space 6656K, 0% used [0x00000000d6000000,0x00000000d6000000,0x00000000d6680000)
 ParOldGen       total 1285632K, used 859730K [0x0000000080000000, 0x00000000ce780000, 0x00000000d5580000)
  object space 1285632K, 66% used [0x0000000080000000,0x00000000b4794b80,0x00000000ce780000)
 Metaspace       used 82307K, committed 84096K, reserved 1179648K
  class space    used 7893K, committed 8768K, reserved 1048576K
}
Event: 23018.690 GC heap after
{Heap after GC invocations=5273 (full 8):
 PSYoungGen      total 7168K, used 3016K [0x00000000d5580000, 0x00000000d6300000, 0x0000000100000000)
  eden space 4096K, 0% used [0x00000000d5580000,0x00000000d5580000,0x00000000d5980000)
  from space 3072K, 98% used [0x00000000d6000000,0x00000000d62f2000,0x00000000d6300000)
  to   space 4096K, 0% used [0x00000000d5b00000,0x00000000d5b00000,0x00000000d5f00000)
 ParOldGen       total 1285632K, used 862794K [0x0000000080000000, 0x00000000ce780000, 0x00000000d5580000)
  object space 1285632K, 67% used [0x0000000080000000,0x00000000b4a92b80,0x00000000ce780000)
 Metaspace       used 82307K, committed 84096K, reserved 1179648K
  class space    used 7893K, committed 8768K, reserved 1048576K
}
Event: 23018.734 GC heap before
{Heap before GC invocations=5274 (full 8):
 PSYoungGen      total 7168K, used 7112K [0x00000000d5580000, 0x00000000d6300000, 0x0000000100000000)
  eden space 4096K, 100% used [0x00000000d5580000,0x00000000d5980000,0x00000000d5980000)
  from space 3072K, 98% used [0x00000000d6000000,0x00000000d62f2000,0x00000000d6300000)
  to   space 4096K, 0% used [0x00000000d5b00000,0x00000000d5b00000,0x00000000d5f00000)
 ParOldGen       total 1285632K, used 862794K [0x0000000080000000, 0x00000000ce780000, 0x00000000d5580000)
  object space 1285632K, 67% used [0x0000000080000000,0x00000000b4a92b80,0x00000000ce780000)
 Metaspace       used 82307K, committed 84096K, reserved 1179648K
  class space    used 7893K, committed 8768K, reserved 1048576K
}
Event: 23018.743 GC heap after
{Heap after GC invocations=5274 (full 8):
 PSYoungGen      total 8704K, used 3136K [0x00000000d5580000, 0x00000000d6180000, 0x0000000100000000)
  eden space 5120K, 0% used [0x00000000d5580000,0x00000000d5580000,0x00000000d5a80000)
  from space 3584K, 87% used [0x00000000d5b00000,0x00000000d5e10000,0x00000000d5e80000)
  to   space 3072K, 0% used [0x00000000d5e80000,0x00000000d5e80000,0x00000000d6180000)
 ParOldGen       total 1285632K, used 865554K [0x0000000080000000, 0x00000000ce780000, 0x00000000d5580000)
  object space 1285632K, 67% used [0x0000000080000000,0x00000000b4d44b80,0x00000000ce780000)
 Metaspace       used 82307K, committed 84096K, reserved 1179648K
  class space    used 7893K, committed 8768K, reserved 1048576K
}

